<?xml version="1.0" encoding="UTF-8"?>
<robot generator="Robot 3.1.2 (Python 3.7.4 on win32)" generated="20200109 14:43:58.300" rpa="false">
<suite id="s1" name="Login" source="C:\Users\Administrator\Desktop\denglushantie\test_samples\login.robot">
<test id="s1-t1" name="删除帖子">
<kw name="Get Current Time" library="util">
<assign>
<var>${file_name}</var>
</assign>
<msg timestamp="20200109 14:43:58.560" level="INFO">2020_01_09_14_43_58</msg>
<msg timestamp="20200109 14:43:58.560" level="INFO">${file_name} = 2020_01_09_14_43_58</msg>
<status status="PASS" starttime="20200109 14:43:58.559" endtime="20200109 14:43:58.560"></status>
</kw>
<kw name="Log To Console" library="BuiltIn">
<doc>Logs the given message to the console.</doc>
<arguments>
<arg>-----------------${file_name}-----------------</arg>
</arguments>
<status status="PASS" starttime="20200109 14:43:58.560" endtime="20200109 14:43:58.561"></status>
</kw>
<kw name="testuser1成功登录">
<kw name="Open Browser" library="SeleniumLibrary">
<doc>Opens a new browser instance to the optional ``url``.</doc>
<arguments>
<arg>${Server_Url}</arg>
<arg>${Browser}</arg>
</arguments>
<msg timestamp="20200109 14:43:58.562" level="INFO">Opening browser 'chrome' to base url 'http://39.107.96.138:3000/'.</msg>
<status status="PASS" starttime="20200109 14:43:58.561" endtime="20200109 14:44:13.502"></status>
</kw>
<kw name="Maximize Browser Window" library="SeleniumLibrary">
<doc>Maximizes current browser window.</doc>
<status status="PASS" starttime="20200109 14:44:13.502" endtime="20200109 14:44:14.616"></status>
</kw>
<kw name="Click Element" library="SeleniumLibrary">
<doc>Click the element identified by ``locator``.</doc>
<arguments>
<arg>css:a[href="/signin"]</arg>
</arguments>
<msg timestamp="20200109 14:44:14.616" level="INFO">Clicking element 'css:a[href="/signin"]'.</msg>
<status status="PASS" starttime="20200109 14:44:14.616" endtime="20200109 14:44:15.234"></status>
</kw>
<kw name="Input Text" library="SeleniumLibrary">
<doc>Types the given ``text`` into the text field identified by ``locator``.</doc>
<arguments>
<arg>id:name</arg>
<arg>${UserName}</arg>
</arguments>
<msg timestamp="20200109 14:44:15.237" level="INFO">Typing text 'testuser1' into text field 'id:name'.</msg>
<status status="PASS" starttime="20200109 14:44:15.235" endtime="20200109 14:44:15.426"></status>
</kw>
<kw name="Input Text" library="SeleniumLibrary">
<doc>Types the given ``text`` into the text field identified by ``locator``.</doc>
<arguments>
<arg>id:pass</arg>
<arg>${Password}</arg>
</arguments>
<msg timestamp="20200109 14:44:15.426" level="INFO">Typing text '123456' into text field 'id:pass'.</msg>
<status status="PASS" starttime="20200109 14:44:15.426" endtime="20200109 14:44:15.514"></status>
</kw>
<kw name="Click Element" library="SeleniumLibrary">
<doc>Click the element identified by ``locator``.</doc>
<arguments>
<arg>css:[type="submit"]</arg>
</arguments>
<msg timestamp="20200109 14:44:15.514" level="INFO">Clicking element 'css:[type="submit"]'.</msg>
<status status="PASS" starttime="20200109 14:44:15.514" endtime="20200109 14:44:19.508"></status>
</kw>
<kw name="Page Should Contain" library="SeleniumLibrary">
<doc>Verifies that current page contains ``text``.</doc>
<arguments>
<arg>${UserName}</arg>
</arguments>
<msg timestamp="20200109 14:44:19.526" level="INFO">Current page contains text 'testuser1'.</msg>
<status status="PASS" starttime="20200109 14:44:19.508" endtime="20200109 14:44:19.526"></status>
</kw>
<status status="PASS" starttime="20200109 14:43:58.561" endtime="20200109 14:44:19.528"></status>
</kw>
<kw name="删除用户话题">
<kw name="Click Element" library="SeleniumLibrary">
<doc>Click the element identified by ``locator``.</doc>
<arguments>
<arg>css:span[class="user_name"]&gt;a</arg>
</arguments>
<msg timestamp="20200109 14:44:19.529" level="INFO">Clicking element 'css:span[class="user_name"]&gt;a'.</msg>
<status status="PASS" starttime="20200109 14:44:19.529" endtime="20200109 14:44:21.749"></status>
</kw>
<kw name="Click Element" library="SeleniumLibrary">
<doc>Click the element identified by ``locator``.</doc>
<arguments>
<arg>css:div.cell a.topic_title</arg>
</arguments>
<msg timestamp="20200109 14:44:21.749" level="INFO">Clicking element 'css:div.cell a.topic_title'.</msg>
<status status="PASS" starttime="20200109 14:44:21.749" endtime="20200109 14:44:25.066"></status>
</kw>
<kw name="Click Element" library="SeleniumLibrary">
<doc>Click the element identified by ``locator``.</doc>
<arguments>
<arg>css:i[class="fa fa-lg fa-trash"]</arg>
</arguments>
<msg timestamp="20200109 14:44:25.067" level="INFO">Clicking element 'css:i[class="fa fa-lg fa-trash"]'.</msg>
<status status="PASS" starttime="20200109 14:44:25.066" endtime="20200109 14:44:25.162"></status>
</kw>
<kw name="Handle Alert" library="SeleniumLibrary">
<doc>Handles the current alert and returns its message.</doc>
<status status="PASS" starttime="20200109 14:44:25.162" endtime="20200109 14:44:25.170"></status>
</kw>
<status status="PASS" starttime="20200109 14:44:19.528" endtime="20200109 14:44:25.171"></status>
</kw>
<kw name="Capture Page Screenshot" library="SeleniumLibrary" type="teardown">
<doc>Takes a screenshot of the current page and embeds it into a log file.</doc>
<arguments>
<arg>${file_name}.png</arg>
</arguments>
<msg timestamp="20200109 14:44:28.614" level="INFO" html="yes">&lt;/td&gt;&lt;/tr&gt;&lt;tr&gt;&lt;td colspan="3"&gt;&lt;a href="2020_01_09_14_43_58.png"&gt;&lt;img src="2020_01_09_14_43_58.png" width="800px"&gt;&lt;/a&gt;</msg>
<status status="PASS" starttime="20200109 14:44:25.172" endtime="20200109 14:44:28.614"></status>
</kw>
<status status="PASS" starttime="20200109 14:43:58.558" endtime="20200109 14:44:28.615" critical="yes"></status>
</test>
<doc>User Login</doc>
<status status="PASS" starttime="20200109 14:43:58.302" endtime="20200109 14:44:28.618"></status>
</suite>
<statistics>
<total>
<stat pass="1" fail="0">Critical Tests</stat>
<stat pass="1" fail="0">All Tests</stat>
</total>
<tag>
</tag>
<suite>
<stat pass="1" fail="0" id="s1" name="Login">Login</stat>
</suite>
</statistics>
<errors>
</errors>
</robot>
